--------------------------------------------------------------------------------
CPU name:	Intel(R) Core(TM) i5-7500 CPU @ 3.40GHz
CPU type:	Intel Coffeelake processor
CPU clock:	3.41 GHz
--------------------------------------------------------------------------------
--------------------------------------------------------------------------------
STRUCT,Info,3
CPU name:,Intel(R) Core(TM) i5-7500 CPU @ 3.40GHz,
CPU type:,Intel Coffeelake processor,
CPU clock:,3.408022073 GHz,
TABLE,Region ITERACAO_METODO,Group 1 Raw,FLOPS_DP,6
Region Info,Core 3,
RDTSC Runtime [s],0.081842,
call count,1,
Event,Counter,Core 3
INSTR_RETIRED_ANY,FIXC0,609637200
CPU_CLK_UNHALTED_CORE,FIXC1,308145200
CPU_CLK_UNHALTED_REF,FIXC2,277033500
FP_ARITH_INST_RETIRED_128B_PACKED_DOUBLE,PMC0,0
FP_ARITH_INST_RETIRED_SCALAR_DOUBLE,PMC1,118965500
FP_ARITH_INST_RETIRED_256B_PACKED_DOUBLE,PMC2,9926400
TABLE,Region ITERACAO_METODO,Group 1 Metric,FLOPS_DP,9
Metric,Core 3,
Runtime (RDTSC) [s],0.0818,
Runtime unhalted [s],0.0904,
Clock [MHz],3790.7533,
CPI,0.5055,
DP MFLOP/s,1938.7545,
AVX DP MFLOP/s,485.1508,
Packed MUOPS/s,121.2877,
Scalar MUOPS/s,1453.6037,
Vectorization ratio,7.7013,
STRUCT,Info,3
CPU name:,Intel(R) Core(TM) i5-7500 CPU @ 3.40GHz,
CPU type:,Intel Coffeelake processor,
CPU clock:,3.408022073 GHz,
TABLE,Region CALCULA_RESIDUO,Group 1 Raw,FLOPS_DP,6
Region Info,Core 3,
RDTSC Runtime [s],0.000278,
call count,1,
Event,Counter,Core 3
INSTR_RETIRED_ANY,FIXC0,2892363
CPU_CLK_UNHALTED_CORE,FIXC1,1065788
CPU_CLK_UNHALTED_REF,FIXC2,958074
FP_ARITH_INST_RETIRED_128B_PACKED_DOUBLE,PMC0,0
FP_ARITH_INST_RETIRED_SCALAR_DOUBLE,PMC1,524810
FP_ARITH_INST_RETIRED_256B_PACKED_DOUBLE,PMC2,0
TABLE,Region CALCULA_RESIDUO,Group 1 Metric,FLOPS_DP,9
Metric,Core 3,
Runtime (RDTSC) [s],0.0003,
Runtime unhalted [s],0.0003,
Clock [MHz],3791.1780,
CPI,0.3685,
DP MFLOP/s,1885.9219,
AVX DP MFLOP/s,0,
Packed MUOPS/s,0,
Scalar MUOPS/s,1885.9219,
Vectorization ratio,0,
