--------------------------------------------------------------------------------
CPU name:	Intel(R) Core(TM) i5-7500 CPU @ 3.40GHz
CPU type:	Intel Coffeelake processor
CPU clock:	3.41 GHz
--------------------------------------------------------------------------------
--------------------------------------------------------------------------------
STRUCT,Info,3
CPU name:,Intel(R) Core(TM) i5-7500 CPU @ 3.40GHz,
CPU type:,Intel Coffeelake processor,
CPU clock:,3.407958319 GHz,
TABLE,Region ITERACAO_METODO,Group 1 Raw,FLOPS_AVX,5
Region Info,Core 3,
RDTSC Runtime [s],0.081937,
call count,1,
Event,Counter,Core 3
INSTR_RETIRED_ANY,FIXC0,609637200
CPU_CLK_UNHALTED_CORE,FIXC1,308473500
CPU_CLK_UNHALTED_REF,FIXC2,277334000
FP_ARITH_INST_RETIRED_256B_PACKED_SINGLE,PMC0,0
FP_ARITH_INST_RETIRED_256B_PACKED_DOUBLE,PMC1,9926400
TABLE,Region ITERACAO_METODO,Group 1 Metric,FLOPS_AVX,6
Metric,Core 3,
Runtime (RDTSC) [s],0.0819,
Runtime unhalted [s],0.0905,
Clock [MHz],3790.6093,
CPI,0.5060,
Packed SP MFLOP/s,0,
Packed DP MFLOP/s,484.5874,
STRUCT,Info,3
CPU name:,Intel(R) Core(TM) i5-7500 CPU @ 3.40GHz,
CPU type:,Intel Coffeelake processor,
CPU clock:,3.407958319 GHz,
TABLE,Region CALCULA_RESIDUO,Group 1 Raw,FLOPS_AVX,5
Region Info,Core 3,
RDTSC Runtime [s],0.000278,
call count,1,
Event,Counter,Core 3
INSTR_RETIRED_ANY,FIXC0,2892273
CPU_CLK_UNHALTED_CORE,FIXC1,1064564
CPU_CLK_UNHALTED_REF,FIXC2,957222
FP_ARITH_INST_RETIRED_256B_PACKED_SINGLE,PMC0,0
FP_ARITH_INST_RETIRED_256B_PACKED_DOUBLE,PMC1,0
TABLE,Region CALCULA_RESIDUO,Group 1 Metric,FLOPS_AVX,6
Metric,Core 3,
Runtime (RDTSC) [s],0.0003,
Runtime unhalted [s],0.0003,
Clock [MHz],3790.1236,
CPI,0.3681,
Packed SP MFLOP/s,0,
Packed DP MFLOP/s,0,
