--------------------------------------------------------------------------------
CPU name:	Intel(R) Core(TM) i5-7500 CPU @ 3.40GHz
CPU type:	Intel Coffeelake processor
CPU clock:	3.41 GHz
--------------------------------------------------------------------------------
--------------------------------------------------------------------------------
STRUCT,Info,3
CPU name:,Intel(R) Core(TM) i5-7500 CPU @ 3.40GHz,
CPU type:,Intel Coffeelake processor,
CPU clock:,3.4080299 GHz,
TABLE,Region ITERACAO_METODO,Group 1 Raw,FLOPS_AVX,5
Region Info,Core 3,
RDTSC Runtime [s],0.001315,
call count,1,
Event,Counter,Core 3
INSTR_RETIRED_ANY,FIXC0,12223000
CPU_CLK_UNHALTED_CORE,FIXC1,4991865
CPU_CLK_UNHALTED_REF,FIXC2,4487484
FP_ARITH_INST_RETIRED_256B_PACKED_SINGLE,PMC0,0
FP_ARITH_INST_RETIRED_256B_PACKED_DOUBLE,PMC1,165600
TABLE,Region ITERACAO_METODO,Group 1 Metric,FLOPS_AVX,6
Metric,Core 3,
Runtime (RDTSC) [s],0.0013,
Runtime unhalted [s],0.0015,
Clock [MHz],3791.0832,
CPI,0.4084,
Packed SP MFLOP/s,0,
Packed DP MFLOP/s,503.5509,
STRUCT,Info,3
CPU name:,Intel(R) Core(TM) i5-7500 CPU @ 3.40GHz,
CPU type:,Intel Coffeelake processor,
CPU clock:,3.4080299 GHz,
TABLE,Region CALCULA_RESIDUO,Group 1 Raw,FLOPS_AVX,5
Region Info,Core 3,
RDTSC Runtime [s],0.000004,
call count,1,
Event,Counter,Core 3
INSTR_RETIRED_ANY,FIXC0,49265
CPU_CLK_UNHALTED_CORE,FIXC1,24802
CPU_CLK_UNHALTED_REF,FIXC2,22578
FP_ARITH_INST_RETIRED_256B_PACKED_SINGLE,PMC0,0
FP_ARITH_INST_RETIRED_256B_PACKED_DOUBLE,PMC1,0
TABLE,Region CALCULA_RESIDUO,Group 1 Metric,FLOPS_AVX,6
Metric,Core 3,
Runtime (RDTSC) [s],4.257002e-06,
Runtime unhalted [s],7.277518e-06,
Clock [MHz],3743.7310,
CPI,0.5034,
Packed SP MFLOP/s,0,
Packed DP MFLOP/s,0,
