--------------------------------------------------------------------------------
CPU name:	Intel(R) Core(TM) i5-7500 CPU @ 3.40GHz
CPU type:	Intel Coffeelake processor
CPU clock:	3.41 GHz
--------------------------------------------------------------------------------
--------------------------------------------------------------------------------
STRUCT,Info,3
CPU name:,Intel(R) Core(TM) i5-7500 CPU @ 3.40GHz,
CPU type:,Intel Coffeelake processor,
CPU clock:,3.408030547 GHz,
TABLE,Region ITERACAO_METODO,Group 1 Raw,FLOPS_DP,6
Region Info,Core 3,
RDTSC Runtime [s],0.004987,
call count,1,
Event,Counter,Core 3
INSTR_RETIRED_ANY,FIXC0,42355550
CPU_CLK_UNHALTED_CORE,FIXC1,18642940
CPU_CLK_UNHALTED_REF,FIXC2,16758700
FP_ARITH_INST_RETIRED_128B_PACKED_DOUBLE,PMC0,0
FP_ARITH_INST_RETIRED_SCALAR_DOUBLE,PMC1,7627538
FP_ARITH_INST_RETIRED_256B_PACKED_DOUBLE,PMC2,638400
TABLE,Region ITERACAO_METODO,Group 1 Metric,FLOPS_DP,9
Metric,Core 3,
Runtime (RDTSC) [s],0.0050,
Runtime unhalted [s],0.0055,
Clock [MHz],3791.2075,
CPI,0.4402,
DP MFLOP/s,2041.6359,
AVX DP MFLOP/s,512.0765,
Packed MUOPS/s,128.0191,
Scalar MUOPS/s,1529.5594,
Vectorization ratio,7.7233,
STRUCT,Info,3
CPU name:,Intel(R) Core(TM) i5-7500 CPU @ 3.40GHz,
CPU type:,Intel Coffeelake processor,
CPU clock:,3.408030547 GHz,
TABLE,Region CALCULA_RESIDUO,Group 1 Raw,FLOPS_DP,6
Region Info,Core 3,
RDTSC Runtime [s],0.000018,
call count,1,
Event,Counter,Core 3
INSTR_RETIRED_ANY,FIXC0,185163
CPU_CLK_UNHALTED_CORE,FIXC1,76789
CPU_CLK_UNHALTED_REF,FIXC2,69154
FP_ARITH_INST_RETIRED_128B_PACKED_DOUBLE,PMC0,0
FP_ARITH_INST_RETIRED_SCALAR_DOUBLE,PMC1,32906
FP_ARITH_INST_RETIRED_256B_PACKED_DOUBLE,PMC2,0
TABLE,Region CALCULA_RESIDUO,Group 1 Metric,FLOPS_DP,9
Metric,Core 3,
Runtime (RDTSC) [s],1.763189e-05,
Runtime unhalted [s],2.253178e-05,
Clock [MHz],3784.2968,
CPI,0.4147,
DP MFLOP/s,1866.2775,
AVX DP MFLOP/s,0,
Packed MUOPS/s,0,
Scalar MUOPS/s,1866.2775,
Vectorization ratio,0,
