--------------------------------------------------------------------------------
CPU name:	Intel(R) Core(TM) i5-7500 CPU @ 3.40GHz
CPU type:	Intel Coffeelake processor
CPU clock:	3.41 GHz
--------------------------------------------------------------------------------
--------------------------------------------------------------------------------
STRUCT,Info,3
CPU name:,Intel(R) Core(TM) i5-7500 CPU @ 3.40GHz,
CPU type:,Intel Coffeelake processor,
CPU clock:,3.408022029 GHz,
TABLE,Region ITERACAO_METODO,Group 1 Raw,FLOPS_AVX,5
Region Info,Core 3,
RDTSC Runtime [s],0.004993,
call count,1,
Event,Counter,Core 3
INSTR_RETIRED_ANY,FIXC0,42355480
CPU_CLK_UNHALTED_CORE,FIXC1,18650250
CPU_CLK_UNHALTED_REF,FIXC2,16765510
FP_ARITH_INST_RETIRED_256B_PACKED_SINGLE,PMC0,0
FP_ARITH_INST_RETIRED_256B_PACKED_DOUBLE,PMC1,638400
TABLE,Region ITERACAO_METODO,Group 1 Metric,FLOPS_AVX,6
Metric,Core 3,
Runtime (RDTSC) [s],0.0050,
Runtime unhalted [s],0.0055,
Clock [MHz],3791.1440,
CPI,0.4403,
Packed SP MFLOP/s,0,
Packed DP MFLOP/s,511.4404,
STRUCT,Info,3
CPU name:,Intel(R) Core(TM) i5-7500 CPU @ 3.40GHz,
CPU type:,Intel Coffeelake processor,
CPU clock:,3.408022029 GHz,
TABLE,Region CALCULA_RESIDUO,Group 1 Raw,FLOPS_AVX,5
Region Info,Core 3,
RDTSC Runtime [s],0.000018,
call count,1,
Event,Counter,Core 3
INSTR_RETIRED_ANY,FIXC0,185073
CPU_CLK_UNHALTED_CORE,FIXC1,76412
CPU_CLK_UNHALTED_REF,FIXC2,68586
FP_ARITH_INST_RETIRED_256B_PACKED_SINGLE,PMC0,0
FP_ARITH_INST_RETIRED_256B_PACKED_DOUBLE,PMC1,0
TABLE,Region CALCULA_RESIDUO,Group 1 Metric,FLOPS_AVX,6
Metric,Core 3,
Runtime (RDTSC) [s],1.762717e-05,
Runtime unhalted [s],2.242122e-05,
Clock [MHz],3796.8941,
CPI,0.4129,
Packed SP MFLOP/s,0,
Packed DP MFLOP/s,0,
