--------------------------------------------------------------------------------
CPU name:	Intel(R) Core(TM) i5-7500 CPU @ 3.40GHz
CPU type:	Intel Coffeelake processor
CPU clock:	3.41 GHz
--------------------------------------------------------------------------------
--------------------------------------------------------------------------------
STRUCT,Info,3
CPU name:,Intel(R) Core(TM) i5-7500 CPU @ 3.40GHz,
CPU type:,Intel Coffeelake processor,
CPU clock:,3.4080234 GHz,
TABLE,Region ITERACAO_METODO,Group 1 Raw,FLOPS_DP,6
Region Info,Core 3,
RDTSC Runtime [s],0.320876,
call count,1,
Event,Counter,Core 3
INSTR_RETIRED_ANY,FIXC0,2288112000
CPU_CLK_UNHALTED_CORE,FIXC1,1206762000
CPU_CLK_UNHALTED_REF,FIXC2,1084973000
FP_ARITH_INST_RETIRED_128B_PACKED_DOUBLE,PMC0,0
FP_ARITH_INST_RETIRED_SCALAR_DOUBLE,PMC1,451952300
FP_ARITH_INST_RETIRED_256B_PACKED_DOUBLE,PMC2,37687500
TABLE,Region ITERACAO_METODO,Group 1 Metric,FLOPS_DP,9
Metric,Core 3,
Runtime (RDTSC) [s],0.3209,
Runtime unhalted [s],0.3541,
Clock [MHz],3790.5765,
CPI,0.5274,
DP MFLOP/s,1878.3052,
AVX DP MFLOP/s,469.8082,
Packed MUOPS/s,117.4521,
Scalar MUOPS/s,1408.4969,
Vectorization ratio,7.6970,
STRUCT,Info,3
CPU name:,Intel(R) Core(TM) i5-7500 CPU @ 3.40GHz,
CPU type:,Intel Coffeelake processor,
CPU clock:,3.4080234 GHz,
TABLE,Region CALCULA_RESIDUO,Group 1 Raw,FLOPS_DP,6
Region Info,Core 3,
RDTSC Runtime [s],0.001082,
call count,1,
Event,Counter,Core 3
INSTR_RETIRED_ANY,FIXC0,11013660
CPU_CLK_UNHALTED_CORE,FIXC1,4115508
CPU_CLK_UNHALTED_REF,FIXC2,3699526
FP_ARITH_INST_RETIRED_128B_PACKED_DOUBLE,PMC0,0
FP_ARITH_INST_RETIRED_SCALAR_DOUBLE,PMC1,2001010
FP_ARITH_INST_RETIRED_256B_PACKED_DOUBLE,PMC2,0
TABLE,Region CALCULA_RESIDUO,Group 1 Metric,FLOPS_DP,9
Metric,Core 3,
Runtime (RDTSC) [s],0.0011,
Runtime unhalted [s],0.0012,
Clock [MHz],3791.2283,
CPI,0.3737,
DP MFLOP/s,1849.7811,
AVX DP MFLOP/s,0,
Packed MUOPS/s,0,
Scalar MUOPS/s,1849.7811,
Vectorization ratio,0,
