--------------------------------------------------------------------------------
CPU name:	Intel(R) Core(TM) i5-7500 CPU @ 3.40GHz
CPU type:	Intel Coffeelake processor
CPU clock:	3.41 GHz
--------------------------------------------------------------------------------
--------------------------------------------------------------------------------
STRUCT,Info,3
CPU name:,Intel(R) Core(TM) i5-7500 CPU @ 3.40GHz,
CPU type:,Intel Coffeelake processor,
CPU clock:,3.408032981 GHz,
TABLE,Region ITERACAO_METODO,Group 1 Raw,FLOPS_AVX,5
Region Info,Core 3,
RDTSC Runtime [s],0.321522,
call count,1,
Event,Counter,Core 3
INSTR_RETIRED_ANY,FIXC0,2288112000
CPU_CLK_UNHALTED_CORE,FIXC1,1208237000
CPU_CLK_UNHALTED_REF,FIXC2,1086506000
FP_ARITH_INST_RETIRED_256B_PACKED_SINGLE,PMC0,0
FP_ARITH_INST_RETIRED_256B_PACKED_DOUBLE,PMC1,37687500
TABLE,Region ITERACAO_METODO,Group 1 Metric,FLOPS_AVX,6
Metric,Core 3,
Runtime (RDTSC) [s],0.3215,
Runtime unhalted [s],0.3545,
Clock [MHz],3789.8654,
CPI,0.5280,
Packed SP MFLOP/s,0,
Packed DP MFLOP/s,468.8643,
STRUCT,Info,3
CPU name:,Intel(R) Core(TM) i5-7500 CPU @ 3.40GHz,
CPU type:,Intel Coffeelake processor,
CPU clock:,3.408032981 GHz,
TABLE,Region CALCULA_RESIDUO,Group 1 Raw,FLOPS_AVX,5
Region Info,Core 3,
RDTSC Runtime [s],0.001082,
call count,1,
Event,Counter,Core 3
INSTR_RETIRED_ANY,FIXC0,11013570
CPU_CLK_UNHALTED_CORE,FIXC1,4115723
CPU_CLK_UNHALTED_REF,FIXC2,3699526
FP_ARITH_INST_RETIRED_256B_PACKED_SINGLE,PMC0,0
FP_ARITH_INST_RETIRED_256B_PACKED_DOUBLE,PMC1,0
TABLE,Region CALCULA_RESIDUO,Group 1 Metric,FLOPS_AVX,6
Metric,Core 3,
Runtime (RDTSC) [s],0.0011,
Runtime unhalted [s],0.0012,
Clock [MHz],3791.4370,
CPI,0.3737,
Packed SP MFLOP/s,0,
Packed DP MFLOP/s,0,
