--------------------------------------------------------------------------------
CPU name:	Intel(R) Core(TM) i5-7500 CPU @ 3.40GHz
CPU type:	Intel Coffeelake processor
CPU clock:	3.41 GHz
--------------------------------------------------------------------------------
--------------------------------------------------------------------------------
STRUCT,Info,3
CPU name:,Intel(R) Core(TM) i5-7500 CPU @ 3.40GHz,
CPU type:,Intel Coffeelake processor,
CPU clock:,3.408032119 GHz,
TABLE,Region ITERACAO_METODO,Group 1 Raw,FLOPS_DP,6
Region Info,Core 3,
RDTSC Runtime [s],0.001306,
call count,1,
Event,Counter,Core 3
INSTR_RETIRED_ANY,FIXC0,12223050
CPU_CLK_UNHALTED_CORE,FIXC1,4957819
CPU_CLK_UNHALTED_REF,FIXC2,4456670
FP_ARITH_INST_RETIRED_128B_PACKED_DOUBLE,PMC0,0
FP_ARITH_INST_RETIRED_SCALAR_DOUBLE,PMC1,1971129
FP_ARITH_INST_RETIRED_256B_PACKED_DOUBLE,PMC2,165600
TABLE,Region ITERACAO_METODO,Group 1 Metric,FLOPS_DP,9
Metric,Core 3,
Runtime (RDTSC) [s],0.0013,
Runtime unhalted [s],0.0015,
Clock [MHz],3791.2626,
CPI,0.4056,
DP MFLOP/s,2015.9259,
AVX DP MFLOP/s,507.0570,
Packed MUOPS/s,126.7643,
Scalar MUOPS/s,1508.8689,
Vectorization ratio,7.7502,
STRUCT,Info,3
CPU name:,Intel(R) Core(TM) i5-7500 CPU @ 3.40GHz,
CPU type:,Intel Coffeelake processor,
CPU clock:,3.408032119 GHz,
TABLE,Region CALCULA_RESIDUO,Group 1 Raw,FLOPS_DP,6
Region Info,Core 3,
RDTSC Runtime [s],0.000004,
call count,1,
Event,Counter,Core 3
INSTR_RETIRED_ANY,FIXC0,49355
CPU_CLK_UNHALTED_CORE,FIXC1,25546
CPU_CLK_UNHALTED_REF,FIXC2,23714
FP_ARITH_INST_RETIRED_128B_PACKED_DOUBLE,PMC0,0
FP_ARITH_INST_RETIRED_SCALAR_DOUBLE,PMC1,8266
FP_ARITH_INST_RETIRED_256B_PACKED_DOUBLE,PMC2,0
TABLE,Region CALCULA_RESIDUO,Group 1 Metric,FLOPS_DP,9
Metric,Core 3,
Runtime (RDTSC) [s],4.320932e-06,
Runtime unhalted [s],7.495821e-06,
Clock [MHz],3671.3160,
CPI,0.5176,
DP MFLOP/s,1913.0132,
AVX DP MFLOP/s,0,
Packed MUOPS/s,0,
Scalar MUOPS/s,1913.0132,
Vectorization ratio,0,
