--------------------------------------------------------------------------------
CPU name:	Intel(R) Core(TM) i5-7500 CPU @ 3.40GHz
CPU type:	Intel Coffeelake processor
CPU clock:	3.41 GHz
--------------------------------------------------------------------------------
--------------------------------------------------------------------------------
STRUCT,Info,3
CPU name:,Intel(R) Core(TM) i5-7500 CPU @ 3.40GHz,
CPU type:,Intel Coffeelake processor,
CPU clock:,3.408027869 GHz,
TABLE,Region ITERACAO_METODO,Group 1 Raw,L2CACHE,5
Region Info,Core 3,
RDTSC Runtime [s],0.320665,
call count,1,
Event,Counter,Core 3
INSTR_RETIRED_ANY,FIXC0,2288112000
CPU_CLK_UNHALTED_CORE,FIXC1,1206361000
CPU_CLK_UNHALTED_REF,FIXC2,1084614000
L2_TRANS_ALL_REQUESTS,PMC0,141856200
L2_RQSTS_MISS,PMC1,50355600
TABLE,Region ITERACAO_METODO,Group 1 Metric,L2CACHE,7
Metric,Core 3,
Runtime (RDTSC) [s],0.3207,
Runtime unhalted [s],0.3540,
Clock [MHz],3790.5761,
CPI,0.5272,
L2 request rate,0.0620,
L2 miss rate,0.0220,
L2 miss ratio,0.3550,
STRUCT,Info,3
CPU name:,Intel(R) Core(TM) i5-7500 CPU @ 3.40GHz,
CPU type:,Intel Coffeelake processor,
CPU clock:,3.408027869 GHz,
TABLE,Region CALCULA_RESIDUO,Group 1 Raw,L2CACHE,5
Region Info,Core 3,
RDTSC Runtime [s],0.001082,
call count,1,
Event,Counter,Core 3
INSTR_RETIRED_ANY,FIXC0,11013570
CPU_CLK_UNHALTED_CORE,FIXC1,4116188
CPU_CLK_UNHALTED_REF,FIXC2,3700236
L2_TRANS_ALL_REQUESTS,PMC0,477972
L2_RQSTS_MISS,PMC1,167712
TABLE,Region CALCULA_RESIDUO,Group 1 Metric,L2CACHE,7
Metric,Core 3,
Runtime (RDTSC) [s],0.0011,
Runtime unhalted [s],0.0012,
Clock [MHz],3791.1321,
CPI,0.3737,
L2 request rate,0.0434,
L2 miss rate,0.0152,
L2 miss ratio,0.3509,
