--------------------------------------------------------------------------------
CPU name:	Intel(R) Core(TM) i5-7500 CPU @ 3.40GHz
CPU type:	Intel Coffeelake processor
CPU clock:	3.41 GHz
--------------------------------------------------------------------------------
--------------------------------------------------------------------------------
STRUCT,Info,3
CPU name:,Intel(R) Core(TM) i5-7500 CPU @ 3.40GHz,
CPU type:,Intel Coffeelake processor,
CPU clock:,3.408018811 GHz,
TABLE,Region ITERACAO_METODO,Group 1 Raw,L2CACHE,5
Region Info,Core 3,
RDTSC Runtime [s],0.001313,
call count,1,
Event,Counter,Core 3
INSTR_RETIRED_ANY,FIXC0,12222960
CPU_CLK_UNHALTED_CORE,FIXC1,4980163
CPU_CLK_UNHALTED_REF,FIXC2,4477402
L2_TRANS_ALL_REQUESTS,PMC0,233021
L2_RQSTS_MISS,PMC1,3189
TABLE,Region ITERACAO_METODO,Group 1 Metric,L2CACHE,7
Metric,Core 3,
Runtime (RDTSC) [s],0.0013,
Runtime unhalted [s],0.0015,
Clock [MHz],3790.7003,
CPI,0.4074,
L2 request rate,0.0191,
L2 miss rate,0.0003,
L2 miss ratio,0.0137,
STRUCT,Info,3
CPU name:,Intel(R) Core(TM) i5-7500 CPU @ 3.40GHz,
CPU type:,Intel Coffeelake processor,
CPU clock:,3.408018811 GHz,
TABLE,Region CALCULA_RESIDUO,Group 1 Raw,L2CACHE,5
Region Info,Core 3,
RDTSC Runtime [s],0.000004,
call count,1,
Event,Counter,Core 3
INSTR_RETIRED_ANY,FIXC0,49269
CPU_CLK_UNHALTED_CORE,FIXC1,25408
CPU_CLK_UNHALTED_REF,FIXC2,22436
L2_TRANS_ALL_REQUESTS,PMC0,3660
L2_RQSTS_MISS,PMC1,1081
TABLE,Region CALCULA_RESIDUO,Group 1 Metric,L2CACHE,7
Metric,Core 3,
Runtime (RDTSC) [s],4.288692e-06,
Runtime unhalted [s],7.455358e-06,
Clock [MHz],3859.4643,
CPI,0.5157,
L2 request rate,0.0743,
L2 miss rate,0.0219,
L2 miss ratio,0.2954,
