--------------------------------------------------------------------------------
CPU name:	Intel(R) Core(TM) i5-7500 CPU @ 3.40GHz
CPU type:	Intel Coffeelake processor
CPU clock:	3.41 GHz
--------------------------------------------------------------------------------
--------------------------------------------------------------------------------
STRUCT,Info,3
CPU name:,Intel(R) Core(TM) i5-7500 CPU @ 3.40GHz,
CPU type:,Intel Coffeelake processor,
CPU clock:,3.407950467 GHz,
TABLE,Region ITERACAO_METODO,Group 1 Raw,L2CACHE,5
Region Info,Core 3,
RDTSC Runtime [s],0.082050,
call count,1,
Event,Counter,Core 3
INSTR_RETIRED_ANY,FIXC0,609637100
CPU_CLK_UNHALTED_CORE,FIXC1,308368400
CPU_CLK_UNHALTED_REF,FIXC2,277272800
L2_TRANS_ALL_REQUESTS,PMC0,33705490
L2_RQSTS_MISS,PMC1,13322420
TABLE,Region ITERACAO_METODO,Group 1 Metric,L2CACHE,7
Metric,Core 3,
Runtime (RDTSC) [s],0.0820,
Runtime unhalted [s],0.0905,
Clock [MHz],3790.1454,
CPI,0.5058,
L2 request rate,0.0553,
L2 miss rate,0.0219,
L2 miss ratio,0.3953,
STRUCT,Info,3
CPU name:,Intel(R) Core(TM) i5-7500 CPU @ 3.40GHz,
CPU type:,Intel Coffeelake processor,
CPU clock:,3.407950467 GHz,
TABLE,Region CALCULA_RESIDUO,Group 1 Raw,L2CACHE,5
Region Info,Core 3,
RDTSC Runtime [s],0.000279,
call count,1,
Event,Counter,Core 3
INSTR_RETIRED_ANY,FIXC0,2892277
CPU_CLK_UNHALTED_CORE,FIXC1,1067228
CPU_CLK_UNHALTED_REF,FIXC2,959352
L2_TRANS_ALL_REQUESTS,PMC0,114161
L2_RQSTS_MISS,PMC1,44734
TABLE,Region CALCULA_RESIDUO,Group 1 Metric,L2CACHE,7
Metric,Core 3,
Runtime (RDTSC) [s],0.0003,
Runtime unhalted [s],0.0003,
Clock [MHz],3791.1634,
CPI,0.3690,
L2 request rate,0.0395,
L2 miss rate,0.0155,
L2 miss ratio,0.3919,
