--------------------------------------------------------------------------------
CPU name:	Intel(R) Core(TM) i5-7500 CPU @ 3.40GHz
CPU type:	Intel Coffeelake processor
CPU clock:	3.41 GHz
--------------------------------------------------------------------------------
--------------------------------------------------------------------------------
STRUCT,Info,3
CPU name:,Intel(R) Core(TM) i5-7500 CPU @ 3.40GHz,
CPU type:,Intel Coffeelake processor,
CPU clock:,3.408028461 GHz,
TABLE,Region ITERACAO_METODO,Group 1 Raw,L3,5
Region Info,Core 3,
RDTSC Runtime [s],0.320617,
call count,1,
Event,Counter,Core 3
INSTR_RETIRED_ANY,FIXC0,2288112000
CPU_CLK_UNHALTED_CORE,FIXC1,1206396000
CPU_CLK_UNHALTED_REF,FIXC2,1084615000
L2_LINES_IN_ALL,PMC0,37971530
L2_TRANS_L2_WB,PMC1,14009210
TABLE,Region ITERACAO_METODO,Group 1 Metric,L3,10
Metric,Core 3,
Runtime (RDTSC) [s],0.3206,
Runtime unhalted [s],0.3540,
Clock [MHz],3790.6832,
CPI,0.5272,
L3 load bandwidth [MBytes/s],7579.6914,
L3 load data volume [GBytes],2.4302,
L3 evict bandwidth [MBytes/s],2796.4501,
L3 evict data volume [GBytes],0.8966,
L3 bandwidth [MBytes/s],10376.1415,
L3 data volume [GBytes],3.3268,
STRUCT,Info,3
CPU name:,Intel(R) Core(TM) i5-7500 CPU @ 3.40GHz,
CPU type:,Intel Coffeelake processor,
CPU clock:,3.408028461 GHz,
TABLE,Region CALCULA_RESIDUO,Group 1 Raw,L3,5
Region Info,Core 3,
RDTSC Runtime [s],0.001081,
call count,1,
Event,Counter,Core 3
INSTR_RETIRED_ANY,FIXC0,11013590
CPU_CLK_UNHALTED_CORE,FIXC1,4112800
CPU_CLK_UNHALTED_REF,FIXC2,3696828
L2_LINES_IN_ALL,PMC0,126883
L2_TRANS_L2_WB,PMC1,55476
TABLE,Region CALCULA_RESIDUO,Group 1 Metric,L3,10
Metric,Core 3,
Runtime (RDTSC) [s],0.0011,
Runtime unhalted [s],0.0012,
Clock [MHz],3791.5044,
CPI,0.3734,
L3 load bandwidth [MBytes/s],7513.3159,
L3 load data volume [GBytes],0.0081,
L3 evict bandwidth [MBytes/s],3284.9847,
L3 evict data volume [GBytes],0.0036,
L3 bandwidth [MBytes/s],10798.3005,
L3 data volume [GBytes],0.0117,
