--------------------------------------------------------------------------------
CPU name:	Intel(R) Core(TM) i5-7500 CPU @ 3.40GHz
CPU type:	Intel Coffeelake processor
CPU clock:	3.41 GHz
--------------------------------------------------------------------------------
--------------------------------------------------------------------------------
STRUCT,Info,3
CPU name:,Intel(R) Core(TM) i5-7500 CPU @ 3.40GHz,
CPU type:,Intel Coffeelake processor,
CPU clock:,3.408031148 GHz,
TABLE,Region ITERACAO_METODO,Group 1 Raw,L3,5
Region Info,Core 3,
RDTSC Runtime [s],0.081764,
call count,1,
Event,Counter,Core 3
INSTR_RETIRED_ANY,FIXC0,609637100
CPU_CLK_UNHALTED_CORE,FIXC1,308176700
CPU_CLK_UNHALTED_REF,FIXC2,277056800
L2_LINES_IN_ALL,PMC0,10071920
L2_TRANS_L2_WB,PMC1,211650
TABLE,Region ITERACAO_METODO,Group 1 Metric,L3,10
Metric,Core 3,
Runtime (RDTSC) [s],0.0818,
Runtime unhalted [s],0.0904,
Clock [MHz],3790.8320,
CPI,0.5055,
L3 load bandwidth [MBytes/s],7883.6898,
L3 load data volume [GBytes],0.6446,
L3 evict bandwidth [MBytes/s],165.6668,
L3 evict data volume [GBytes],0.0135,
L3 bandwidth [MBytes/s],8049.3566,
L3 data volume [GBytes],0.6581,
STRUCT,Info,3
CPU name:,Intel(R) Core(TM) i5-7500 CPU @ 3.40GHz,
CPU type:,Intel Coffeelake processor,
CPU clock:,3.408031148 GHz,
TABLE,Region CALCULA_RESIDUO,Group 1 Raw,L3,5
Region Info,Core 3,
RDTSC Runtime [s],0.000278,
call count,1,
Event,Counter,Core 3
INSTR_RETIRED_ANY,FIXC0,2892293
CPU_CLK_UNHALTED_CORE,FIXC1,1066291
CPU_CLK_UNHALTED_REF,FIXC2,958784
L2_LINES_IN_ALL,PMC0,33978
L2_TRANS_L2_WB,PMC1,1630
TABLE,Region CALCULA_RESIDUO,Group 1 Metric,L3,10
Metric,Core 3,
Runtime (RDTSC) [s],0.0003,
Runtime unhalted [s],0.0003,
Clock [MHz],3790.1685,
CPI,0.3687,
L3 load bandwidth [MBytes/s],7815.4166,
L3 load data volume [GBytes],0.0022,
L3 evict bandwidth [MBytes/s],374.9229,
L3 evict data volume [GBytes],0.0001,
L3 bandwidth [MBytes/s],8190.3395,
L3 data volume [GBytes],0.0023,
