--------------------------------------------------------------------------------
CPU name:	Intel(R) Core(TM) i5-7500 CPU @ 3.40GHz
CPU type:	Intel Coffeelake processor
CPU clock:	3.41 GHz
--------------------------------------------------------------------------------
--------------------------------------------------------------------------------
STRUCT,Info,3
CPU name:,Intel(R) Core(TM) i5-7500 CPU @ 3.40GHz,
CPU type:,Intel Coffeelake processor,
CPU clock:,3.408034877 GHz,
TABLE,Region ITERACAO_METODO,Group 1 Raw,L3,5
Region Info,Core 3,
RDTSC Runtime [s],0.001339,
call count,1,
Event,Counter,Core 3
INSTR_RETIRED_ANY,FIXC0,12222980
CPU_CLK_UNHALTED_CORE,FIXC1,4954532
CPU_CLK_UNHALTED_REF,FIXC2,4455960
L2_LINES_IN_ALL,PMC0,3650
L2_TRANS_L2_WB,PMC1,283
TABLE,Region ITERACAO_METODO,Group 1 Metric,L3,10
Metric,Core 3,
Runtime (RDTSC) [s],0.0013,
Runtime unhalted [s],0.0015,
Clock [MHz],3789.3558,
CPI,0.4053,
L3 load bandwidth [MBytes/s],174.5051,
L3 load data volume [GBytes],0.0002,
L3 evict bandwidth [MBytes/s],13.5301,
L3 evict data volume [GBytes],1.811200e-05,
L3 bandwidth [MBytes/s],188.0352,
L3 data volume [GBytes],0.0003,
STRUCT,Info,3
CPU name:,Intel(R) Core(TM) i5-7500 CPU @ 3.40GHz,
CPU type:,Intel Coffeelake processor,
CPU clock:,3.408034877 GHz,
TABLE,Region CALCULA_RESIDUO,Group 1 Raw,L3,5
Region Info,Core 3,
RDTSC Runtime [s],0.000004,
call count,1,
Event,Counter,Core 3
INSTR_RETIRED_ANY,FIXC0,49285
CPU_CLK_UNHALTED_CORE,FIXC1,25265
CPU_CLK_UNHALTED_REF,FIXC2,22294
L2_LINES_IN_ALL,PMC0,872
L2_TRANS_L2_WB,PMC1,116
TABLE,Region CALCULA_RESIDUO,Group 1 Metric,L3,10
Metric,Core 3,
Runtime (RDTSC) [s],4.257587e-06,
Runtime unhalted [s],7.413363e-06,
Clock [MHz],3862.2051,
CPI,0.5126,
L3 load bandwidth [MBytes/s],13107.8942,
L3 load data volume [GBytes],0.0001,
L3 evict bandwidth [MBytes/s],1743.7107,
L3 evict data volume [GBytes],7.424000e-06,
L3 bandwidth [MBytes/s],14851.6049,
L3 data volume [GBytes],0.0001,
