--------------------------------------------------------------------------------
CPU name:	Intel(R) Core(TM) i5-7500 CPU @ 3.40GHz
CPU type:	Intel Coffeelake processor
CPU clock:	3.41 GHz
--------------------------------------------------------------------------------
--------------------------------------------------------------------------------
STRUCT,Info,3
CPU name:,Intel(R) Core(TM) i5-7500 CPU @ 3.40GHz,
CPU type:,Intel Coffeelake processor,
CPU clock:,3.408035033 GHz,
TABLE,Region ITERACAO_METODO,Group 1 Raw,FLOPS_DP,6
Region Info,Core 3,
RDTSC Runtime [s],0.000201,
call count,1,
Event,Counter,Core 3
INSTR_RETIRED_ANY,FIXC0,1509916
CPU_CLK_UNHALTED_CORE,FIXC1,775277
CPU_CLK_UNHALTED_REF,FIXC2,696794
FP_ARITH_INST_RETIRED_128B_PACKED_DOUBLE,PMC0,0
FP_ARITH_INST_RETIRED_SCALAR_DOUBLE,PMC1,346810
FP_ARITH_INST_RETIRED_256B_PACKED_DOUBLE,PMC2,87600
TABLE,Region ITERACAO_METODO,Group 1 Metric,FLOPS_DP,9
Metric,Core 3,
Runtime (RDTSC) [s],0.0002,
Runtime unhalted [s],0.0002,
Clock [MHz],3791.8971,
CPI,0.5135,
DP MFLOP/s,3461.4890,
AVX DP MFLOP/s,1739.6563,
Packed MUOPS/s,434.9141,
Scalar MUOPS/s,1721.8327,
Vectorization ratio,20.1653,
STRUCT,Info,3
CPU name:,Intel(R) Core(TM) i5-7500 CPU @ 3.40GHz,
CPU type:,Intel Coffeelake processor,
CPU clock:,3.408035033 GHz,
TABLE,Region CALCULA_RESIDUO,Group 1 Raw,FLOPS_DP,6
Region Info,Core 3,
RDTSC Runtime [s],0.000001,
call count,1,
Event,Counter,Core 3
INSTR_RETIRED_ANY,FIXC0,7227
CPU_CLK_UNHALTED_CORE,FIXC1,11724
CPU_CLK_UNHALTED_REF,FIXC2,10508
FP_ARITH_INST_RETIRED_128B_PACKED_DOUBLE,PMC0,0
FP_ARITH_INST_RETIRED_SCALAR_DOUBLE,PMC1,1066
FP_ARITH_INST_RETIRED_256B_PACKED_DOUBLE,PMC2,256
TABLE,Region CALCULA_RESIDUO,Group 1 Metric,FLOPS_DP,9
Metric,Core 3,
Runtime (RDTSC) [s],6.907299e-07,
Runtime unhalted [s],3.440105e-06,
Clock [MHz],3802.4175,
CPI,1.6222,
DP MFLOP/s,3025.7848,
AVX DP MFLOP/s,1482.4898,
Packed MUOPS/s,370.6224,
Scalar MUOPS/s,1543.2950,
Vectorization ratio,19.3646,
