--------------------------------------------------------------------------------
CPU name:	Intel(R) Core(TM) i5-7500 CPU @ 3.40GHz
CPU type:	Intel Coffeelake processor
CPU clock:	3.41 GHz
--------------------------------------------------------------------------------
--------------------------------------------------------------------------------
STRUCT,Info,3
CPU name:,Intel(R) Core(TM) i5-7500 CPU @ 3.40GHz,
CPU type:,Intel Coffeelake processor,
CPU clock:,3.408010864 GHz,
TABLE,Region ITERACAO_METODO,Group 1 Raw,FLOPS_DP,6
Region Info,Core 3,
RDTSC Runtime [s],0.000256,
call count,1,
Event,Counter,Core 3
INSTR_RETIRED_ANY,FIXC0,1980102
CPU_CLK_UNHALTED_CORE,FIXC1,976659
CPU_CLK_UNHALTED_REF,FIXC2,877986
FP_ARITH_INST_RETIRED_128B_PACKED_DOUBLE,PMC0,750
FP_ARITH_INST_RETIRED_SCALAR_DOUBLE,PMC1,410410
FP_ARITH_INST_RETIRED_256B_PACKED_DOUBLE,PMC2,92400
TABLE,Region ITERACAO_METODO,Group 1 Metric,FLOPS_DP,9
Metric,Core 3,
Runtime (RDTSC) [s],0.0003,
Runtime unhalted [s],0.0003,
Clock [MHz],3791.0223,
CPI,0.4932,
DP MFLOP/s,3057.8212,
AVX DP MFLOP/s,1446.1373,
Packed MUOPS/s,364.4688,
Scalar MUOPS/s,1605.8149,
Vectorization ratio,18.4983,
STRUCT,Info,3
CPU name:,Intel(R) Core(TM) i5-7500 CPU @ 3.40GHz,
CPU type:,Intel Coffeelake processor,
CPU clock:,3.408010864 GHz,
TABLE,Region CALCULA_RESIDUO,Group 1 Raw,FLOPS_DP,6
Region Info,Core 3,
RDTSC Runtime [s],0.000001,
call count,1,
Event,Counter,Core 3
INSTR_RETIRED_ANY,FIXC0,7857
CPU_CLK_UNHALTED_CORE,FIXC1,11978
CPU_CLK_UNHALTED_REF,FIXC2,10650
FP_ARITH_INST_RETIRED_128B_PACKED_DOUBLE,PMC0,0
FP_ARITH_INST_RETIRED_SCALAR_DOUBLE,PMC1,1268
FP_ARITH_INST_RETIRED_256B_PACKED_DOUBLE,PMC2,272
TABLE,Region CALCULA_RESIDUO,Group 1 Metric,FLOPS_DP,9
Metric,Core 3,
Runtime (RDTSC) [s],7.476455e-07,
Runtime unhalted [s],3.514660e-06,
Clock [MHz],3832.9722,
CPI,1.5245,
DP MFLOP/s,3151.2261,
AVX DP MFLOP/s,1455.2351,
Packed MUOPS/s,363.8088,
Scalar MUOPS/s,1695.9909,
Vectorization ratio,17.6623,
