--------------------------------------------------------------------------------
CPU name:	Intel(R) Core(TM) i5-7500 CPU @ 3.40GHz
CPU type:	Intel Coffeelake processor
CPU clock:	3.41 GHz
--------------------------------------------------------------------------------
--------------------------------------------------------------------------------
STRUCT,Info,3
CPU name:,Intel(R) Core(TM) i5-7500 CPU @ 3.40GHz,
CPU type:,Intel Coffeelake processor,
CPU clock:,3.408029484 GHz,
TABLE,Region ITERACAO_METODO,Group 1 Raw,FLOPS_DP,6
Region Info,Core 3,
RDTSC Runtime [s],0.000938,
call count,1,
Event,Counter,Core 3
INSTR_RETIRED_ANY,FIXC0,5246343
CPU_CLK_UNHALTED_CORE,FIXC1,3556235
CPU_CLK_UNHALTED_REF,FIXC2,3196846
FP_ARITH_INST_RETIRED_128B_PACKED_DOUBLE,PMC0,750
FP_ARITH_INST_RETIRED_SCALAR_DOUBLE,PMC1,1428010
FP_ARITH_INST_RETIRED_256B_PACKED_DOUBLE,PMC2,338400
TABLE,Region ITERACAO_METODO,Group 1 Metric,FLOPS_DP,9
Metric,Core 3,
Runtime (RDTSC) [s],0.0009,
Runtime unhalted [s],0.0010,
Clock [MHz],3791.1597,
CPI,0.6779,
DP MFLOP/s,2967.9070,
AVX DP MFLOP/s,1443.4783,
Packed MUOPS/s,361.6694,
Scalar MUOPS/s,1522.8291,
Vectorization ratio,19.1918,
STRUCT,Info,3
CPU name:,Intel(R) Core(TM) i5-7500 CPU @ 3.40GHz,
CPU type:,Intel Coffeelake processor,
CPU clock:,3.408029484 GHz,
TABLE,Region CALCULA_RESIDUO,Group 1 Raw,FLOPS_DP,6
Region Info,Core 3,
RDTSC Runtime [s],0.000003,
call count,1,
Event,Counter,Core 3
INSTR_RETIRED_ANY,FIXC0,18129
CPU_CLK_UNHALTED_CORE,FIXC1,20530
CPU_CLK_UNHALTED_REF,FIXC2,18318
FP_ARITH_INST_RETIRED_128B_PACKED_DOUBLE,PMC0,0
FP_ARITH_INST_RETIRED_SCALAR_DOUBLE,PMC1,4564
FP_ARITH_INST_RETIRED_256B_PACKED_DOUBLE,PMC2,1056
TABLE,Region CALCULA_RESIDUO,Group 1 Metric,FLOPS_DP,9
Metric,Core 3,
Runtime (RDTSC) [s],2.951854e-06,
Runtime unhalted [s],6.024009e-06,
Clock [MHz],3819.5679,
CPI,1.1324,
DP MFLOP/s,2977.1120,
AVX DP MFLOP/s,1430.9651,
Packed MUOPS/s,357.7413,
Scalar MUOPS/s,1546.1469,
Vectorization ratio,18.7900,
