--------------------------------------------------------------------------------
CPU name:	Intel(R) Core(TM) i5-7500 CPU @ 3.40GHz
CPU type:	Intel Coffeelake processor
CPU clock:	3.41 GHz
--------------------------------------------------------------------------------
--------------------------------------------------------------------------------
STRUCT,Info,3
CPU name:,Intel(R) Core(TM) i5-7500 CPU @ 3.40GHz,
CPU type:,Intel Coffeelake processor,
CPU clock:,3.408028153 GHz,
TABLE,Region ITERACAO_METODO,Group 1 Raw,L2CACHE,5
Region Info,Core 3,
RDTSC Runtime [s],0.000255,
call count,1,
Event,Counter,Core 3
INSTR_RETIRED_ANY,FIXC0,1979969
CPU_CLK_UNHALTED_CORE,FIXC1,974089
CPU_CLK_UNHALTED_REF,FIXC2,875430
L2_TRANS_ALL_REQUESTS,PMC0,7511
L2_RQSTS_MISS,PMC1,2155
TABLE,Region ITERACAO_METODO,Group 1 Metric,L2CACHE,7
Metric,Core 3,
Runtime (RDTSC) [s],0.0003,
Runtime unhalted [s],0.0003,
Clock [MHz],3792.1053,
CPI,0.4920,
L2 request rate,0.0038,
L2 miss rate,0.0011,
L2 miss ratio,0.2869,
STRUCT,Info,3
CPU name:,Intel(R) Core(TM) i5-7500 CPU @ 3.40GHz,
CPU type:,Intel Coffeelake processor,
CPU clock:,3.408028153 GHz,
TABLE,Region CALCULA_RESIDUO,Group 1 Raw,L2CACHE,5
Region Info,Core 3,
RDTSC Runtime [s],0.000001,
call count,1,
Event,Counter,Core 3
INSTR_RETIRED_ANY,FIXC0,7771
CPU_CLK_UNHALTED_CORE,FIXC1,11636
CPU_CLK_UNHALTED_REF,FIXC2,10650
L2_TRANS_ALL_REQUESTS,PMC0,2038
L2_RQSTS_MISS,PMC1,559
TABLE,Region CALCULA_RESIDUO,Group 1 Metric,L2CACHE,7
Metric,Core 3,
Runtime (RDTSC) [s],7.089137e-07,
Runtime unhalted [s],3.414291e-06,
Clock [MHz],3723.5508,
CPI,1.4974,
L2 request rate,0.2623,
L2 miss rate,0.0719,
L2 miss ratio,0.2743,
