--------------------------------------------------------------------------------
CPU name:	Intel(R) Core(TM) i5-7500 CPU @ 3.40GHz
CPU type:	Intel Coffeelake processor
CPU clock:	3.41 GHz
--------------------------------------------------------------------------------
--------------------------------------------------------------------------------
STRUCT,Info,3
CPU name:,Intel(R) Core(TM) i5-7500 CPU @ 3.40GHz,
CPU type:,Intel Coffeelake processor,
CPU clock:,3.408020446 GHz,
TABLE,Region ITERACAO_METODO,Group 1 Raw,L2CACHE,5
Region Info,Core 3,
RDTSC Runtime [s],0.000200,
call count,1,
Event,Counter,Core 3
INSTR_RETIRED_ANY,FIXC0,1509831
CPU_CLK_UNHALTED_CORE,FIXC1,769428
CPU_CLK_UNHALTED_REF,FIXC2,691682
L2_TRANS_ALL_REQUESTS,PMC0,5158
L2_RQSTS_MISS,PMC1,1746
TABLE,Region ITERACAO_METODO,Group 1 Metric,L2CACHE,7
Metric,Core 3,
Runtime (RDTSC) [s],0.0002,
Runtime unhalted [s],0.0002,
Clock [MHz],3791.0866,
CPI,0.5096,
L2 request rate,0.0034,
L2 miss rate,0.0012,
L2 miss ratio,0.3385,
STRUCT,Info,3
CPU name:,Intel(R) Core(TM) i5-7500 CPU @ 3.40GHz,
CPU type:,Intel Coffeelake processor,
CPU clock:,3.408020446 GHz,
TABLE,Region CALCULA_RESIDUO,Group 1 Raw,L2CACHE,5
Region Info,Core 3,
RDTSC Runtime [s],0.000001,
call count,1,
Event,Counter,Core 3
INSTR_RETIRED_ANY,FIXC0,7141
CPU_CLK_UNHALTED_CORE,FIXC1,11995
CPU_CLK_UNHALTED_REF,FIXC2,10650
L2_TRANS_ALL_REQUESTS,PMC0,2255
L2_RQSTS_MISS,PMC1,650
TABLE,Region CALCULA_RESIDUO,Group 1 Metric,L2CACHE,7
Metric,Core 3,
Runtime (RDTSC) [s],6.343836e-07,
Runtime unhalted [s],3.519639e-06,
Clock [MHz],3838.4230,
CPI,1.6797,
L2 request rate,0.3158,
L2 miss rate,0.0910,
L2 miss ratio,0.2882,
