--------------------------------------------------------------------------------
CPU name:	Intel(R) Core(TM) i5-7500 CPU @ 3.40GHz
CPU type:	Intel Coffeelake processor
CPU clock:	3.41 GHz
--------------------------------------------------------------------------------
--------------------------------------------------------------------------------
STRUCT,Info,3
CPU name:,Intel(R) Core(TM) i5-7500 CPU @ 3.40GHz,
CPU type:,Intel Coffeelake processor,
CPU clock:,3.407977287 GHz,
TABLE,Region ITERACAO_METODO,Group 1 Raw,L2CACHE,5
Region Info,Core 3,
RDTSC Runtime [s],0.000941,
call count,1,
Event,Counter,Core 3
INSTR_RETIRED_ANY,FIXC0,5246252
CPU_CLK_UNHALTED_CORE,FIXC1,3571583
CPU_CLK_UNHALTED_REF,FIXC2,3211046
L2_TRANS_ALL_REQUESTS,PMC0,246988
L2_RQSTS_MISS,PMC1,5385
TABLE,Region ITERACAO_METODO,Group 1 Metric,L2CACHE,7
Metric,Core 3,
Runtime (RDTSC) [s],0.0009,
Runtime unhalted [s],0.0010,
Clock [MHz],3790.6258,
CPI,0.6808,
L2 request rate,0.0471,
L2 miss rate,0.0010,
L2 miss ratio,0.0218,
STRUCT,Info,3
CPU name:,Intel(R) Core(TM) i5-7500 CPU @ 3.40GHz,
CPU type:,Intel Coffeelake processor,
CPU clock:,3.407977287 GHz,
TABLE,Region CALCULA_RESIDUO,Group 1 Raw,L2CACHE,5
Region Info,Core 3,
RDTSC Runtime [s],0.000003,
call count,1,
Event,Counter,Core 3
INSTR_RETIRED_ANY,FIXC0,18043
CPU_CLK_UNHALTED_CORE,FIXC1,20648
CPU_CLK_UNHALTED_REF,FIXC2,18886
L2_TRANS_ALL_REQUESTS,PMC0,3617
L2_RQSTS_MISS,PMC1,951
TABLE,Region CALCULA_RESIDUO,Group 1 Metric,L2CACHE,7
Metric,Core 3,
Runtime (RDTSC) [s],2.920160e-06,
Runtime unhalted [s],6.058726e-06,
Clock [MHz],3725.9301,
CPI,1.1444,
L2 request rate,0.2005,
L2 miss rate,0.0527,
L2 miss ratio,0.2629,
