--------------------------------------------------------------------------------
CPU name:	Intel(R) Core(TM) i5-7500 CPU @ 3.40GHz
CPU type:	Intel Coffeelake processor
CPU clock:	3.41 GHz
--------------------------------------------------------------------------------
--------------------------------------------------------------------------------
STRUCT,Info,3
CPU name:,Intel(R) Core(TM) i5-7500 CPU @ 3.40GHz,
CPU type:,Intel Coffeelake processor,
CPU clock:,3.40802675 GHz,
TABLE,Region ITERACAO_METODO,Group 1 Raw,L3,5
Region Info,Core 3,
RDTSC Runtime [s],0.000202,
call count,1,
Event,Counter,Core 3
INSTR_RETIRED_ANY,FIXC0,1509836
CPU_CLK_UNHALTED_CORE,FIXC1,777677
CPU_CLK_UNHALTED_REF,FIXC2,699634
L2_LINES_IN_ALL,PMC0,1762
L2_TRANS_L2_WB,PMC1,124
TABLE,Region ITERACAO_METODO,Group 1 Metric,L3,10
Metric,Core 3,
Runtime (RDTSC) [s],0.0002,
Runtime unhalted [s],0.0002,
Clock [MHz],3788.1864,
CPI,0.5151,
L3 load bandwidth [MBytes/s],558.8747,
L3 load data volume [GBytes],0.0001,
L3 evict bandwidth [MBytes/s],39.3306,
L3 evict data volume [GBytes],7.936000e-06,
L3 bandwidth [MBytes/s],598.2052,
L3 data volume [GBytes],0.0001,
STRUCT,Info,3
CPU name:,Intel(R) Core(TM) i5-7500 CPU @ 3.40GHz,
CPU type:,Intel Coffeelake processor,
CPU clock:,3.40802675 GHz,
TABLE,Region CALCULA_RESIDUO,Group 1 Raw,L3,5
Region Info,Core 3,
RDTSC Runtime [s],0.000001,
call count,1,
Event,Counter,Core 3
INSTR_RETIRED_ANY,FIXC0,7157
CPU_CLK_UNHALTED_CORE,FIXC1,11061
CPU_CLK_UNHALTED_REF,FIXC2,9656
L2_LINES_IN_ALL,PMC0,521
L2_TRANS_L2_WB,PMC1,55
TABLE,Region CALCULA_RESIDUO,Group 1 Metric,L3,10
Metric,Core 3,
Runtime (RDTSC) [s],6.637419e-07,
Runtime unhalted [s],3.245573e-06,
Clock [MHz],3903.9130,
CPI,1.5455,
L3 load bandwidth [MBytes/s],50236.3946,
L3 load data volume [GBytes],3.334400e-05,
L3 evict bandwidth [MBytes/s],5303.2662,
L3 evict data volume [GBytes],3.520000e-06,
L3 bandwidth [MBytes/s],55539.6608,
L3 data volume [GBytes],3.686400e-05,
