--------------------------------------------------------------------------------
CPU name:	Intel(R) Core(TM) i5-7500 CPU @ 3.40GHz
CPU type:	Intel Coffeelake processor
CPU clock:	3.41 GHz
--------------------------------------------------------------------------------
--------------------------------------------------------------------------------
STRUCT,Info,3
CPU name:,Intel(R) Core(TM) i5-7500 CPU @ 3.40GHz,
CPU type:,Intel Coffeelake processor,
CPU clock:,3.407973549 GHz,
TABLE,Region ITERACAO_METODO,Group 1 Raw,L3,5
Region Info,Core 3,
RDTSC Runtime [s],0.000254,
call count,1,
Event,Counter,Core 3
INSTR_RETIRED_ANY,FIXC0,1979989
CPU_CLK_UNHALTED_CORE,FIXC1,970888
CPU_CLK_UNHALTED_REF,FIXC2,872732
L2_LINES_IN_ALL,PMC0,2080
L2_TRANS_L2_WB,PMC1,180
TABLE,Region ITERACAO_METODO,Group 1 Metric,L3,10
Metric,Core 3,
Runtime (RDTSC) [s],0.0003,
Runtime unhalted [s],0.0003,
Clock [MHz],3791.2677,
CPI,0.4904,
L3 load bandwidth [MBytes/s],524.7504,
L3 load data volume [GBytes],0.0001,
L3 evict bandwidth [MBytes/s],45.4111,
L3 evict data volume [GBytes],1.152000e-05,
L3 bandwidth [MBytes/s],570.1615,
L3 data volume [GBytes],0.0001,
STRUCT,Info,3
CPU name:,Intel(R) Core(TM) i5-7500 CPU @ 3.40GHz,
CPU type:,Intel Coffeelake processor,
CPU clock:,3.407973549 GHz,
TABLE,Region CALCULA_RESIDUO,Group 1 Raw,L3,5
Region Info,Core 3,
RDTSC Runtime [s],0.000001,
call count,1,
Event,Counter,Core 3
INSTR_RETIRED_ANY,FIXC0,7787
CPU_CLK_UNHALTED_CORE,FIXC1,13552
CPU_CLK_UNHALTED_REF,FIXC2,12354
L2_LINES_IN_ALL,PMC0,776
L2_TRANS_L2_WB,PMC1,86
TABLE,Region CALCULA_RESIDUO,Group 1 Metric,L3,10
Metric,Core 3,
Runtime (RDTSC) [s],7.828564e-07,
Runtime unhalted [s],3.976557e-06,
Clock [MHz],3738.4537,
CPI,1.7403,
L3 load bandwidth [MBytes/s],63439.4763,
L3 load data volume [GBytes],4.966400e-05,
L3 evict bandwidth [MBytes/s],7030.6636,
L3 evict data volume [GBytes],5.504000e-06,
L3 bandwidth [MBytes/s],70470.1399,
L3 data volume [GBytes],0.0001,
