--------------------------------------------------------------------------------
CPU name:	Intel(R) Core(TM) i5-7500 CPU @ 3.40GHz
CPU type:	Intel Coffeelake processor
CPU clock:	3.41 GHz
--------------------------------------------------------------------------------
--------------------------------------------------------------------------------
STRUCT,Info,3
CPU name:,Intel(R) Core(TM) i5-7500 CPU @ 3.40GHz,
CPU type:,Intel Coffeelake processor,
CPU clock:,3.40803261 GHz,
TABLE,Region ITERACAO_METODO,Group 1 Raw,L3,5
Region Info,Core 3,
RDTSC Runtime [s],0.000935,
call count,1,
Event,Counter,Core 3
INSTR_RETIRED_ANY,FIXC0,5246252
CPU_CLK_UNHALTED_CORE,FIXC1,3548222
CPU_CLK_UNHALTED_REF,FIXC2,3189462
L2_LINES_IN_ALL,PMC0,2989
L2_TRANS_L2_WB,PMC1,395
TABLE,Region ITERACAO_METODO,Group 1 Metric,L3,10
Metric,Core 3,
Runtime (RDTSC) [s],0.0009,
Runtime unhalted [s],0.0010,
Clock [MHz],3791.3781,
CPI,0.6763,
L3 load bandwidth [MBytes/s],204.6926,
L3 load data volume [GBytes],0.0002,
L3 evict bandwidth [MBytes/s],27.0504,
L3 evict data volume [GBytes],2.528000e-05,
L3 bandwidth [MBytes/s],231.7430,
L3 data volume [GBytes],0.0002,
STRUCT,Info,3
CPU name:,Intel(R) Core(TM) i5-7500 CPU @ 3.40GHz,
CPU type:,Intel Coffeelake processor,
CPU clock:,3.40803261 GHz,
TABLE,Region CALCULA_RESIDUO,Group 1 Raw,L3,5
Region Info,Core 3,
RDTSC Runtime [s],0.000003,
call count,1,
Event,Counter,Core 3
INSTR_RETIRED_ANY,FIXC0,18059
CPU_CLK_UNHALTED_CORE,FIXC1,20097
CPU_CLK_UNHALTED_REF,FIXC2,17608
L2_LINES_IN_ALL,PMC0,901
L2_TRANS_L2_WB,PMC1,111
TABLE,Region CALCULA_RESIDUO,Group 1 Metric,L3,10
Metric,Core 3,
Runtime (RDTSC) [s],2.904315e-06,
Runtime unhalted [s],5.896951e-06,
Clock [MHz],3889.7792,
CPI,1.1129,
L3 load bandwidth [MBytes/s],19854.5957,
L3 load data volume [GBytes],0.0001,
L3 evict bandwidth [MBytes/s],2446.0157,
L3 evict data volume [GBytes],7.104000e-06,
L3 bandwidth [MBytes/s],22300.6113,
L3 data volume [GBytes],0.0001,
